<?xml version="1.0" encoding="UTF-8"?>
<testng-results ignored="0" total="5" passed="5" failed="0" skipped="0">
  <reporter-output>
  </reporter-output>
  <suite started-at="2025-05-19T21:34:57 BRT" name="Default suite" finished-at="2025-05-19T21:35:07 BRT" duration-ms="9881">
    <groups>
    </groups>
    <test started-at="2025-05-19T21:34:57 BRT" name="Default test" finished-at="2025-05-19T21:35:07 BRT" duration-ms="9881">
      <class name="testes.LoginTest">
        <test-method is-config="true" signature="antesDosTestes()[pri:0, instance:testes.LoginTest@75d4a5c2]" started-at="2025-05-19T21:34:57 BRT" name="antesDosTestes" finished-at="2025-05-19T21:34:58 BRT" duration-ms="1411" status="PASS">
          <reporter-output>
          </reporter-output>
        </test-method> <!-- antesDosTestes -->
        <test-method signature="logoutSucesso()[pri:1, instance:testes.LoginTest@75d4a5c2]" started-at="2025-05-19T21:34:58 BRT" name="logoutSucesso" finished-at="2025-05-19T21:35:00 BRT" duration-ms="1469" status="PASS">
          <reporter-output>
          </reporter-output>
        </test-method> <!-- logoutSucesso -->
        <test-method is-config="true" signature="depoisDosTestes()[pri:0, instance:testes.LoginTest@75d4a5c2]" started-at="2025-05-19T21:35:00 BRT" name="depoisDosTestes" finished-at="2025-05-19T21:35:00 BRT" duration-ms="163" status="PASS">
          <reporter-output>
          </reporter-output>
        </test-method> <!-- depoisDosTestes -->
        <test-method is-config="true" signature="antesDosTestes()[pri:0, instance:testes.LoginTest@75d4a5c2]" started-at="2025-05-19T21:35:00 BRT" name="antesDosTestes" finished-at="2025-05-19T21:35:01 BRT" duration-ms="931" status="PASS">
          <reporter-output>
          </reporter-output>
        </test-method> <!-- antesDosTestes -->
        <test-method signature="loginSucesso()[pri:2, instance:testes.LoginTest@75d4a5c2]" started-at="2025-05-19T21:35:01 BRT" name="loginSucesso" finished-at="2025-05-19T21:35:02 BRT" duration-ms="898" status="PASS">
          <reporter-output>
          </reporter-output>
        </test-method> <!-- loginSucesso -->
        <test-method is-config="true" signature="depoisDosTestes()[pri:0, instance:testes.LoginTest@75d4a5c2]" started-at="2025-05-19T21:35:02 BRT" name="depoisDosTestes" finished-at="2025-05-19T21:35:02 BRT" duration-ms="138" status="PASS">
          <reporter-output>
          </reporter-output>
        </test-method> <!-- depoisDosTestes -->
        <test-method is-config="true" signature="antesDosTestes()[pri:0, instance:testes.LoginTest@75d4a5c2]" started-at="2025-05-19T21:35:02 BRT" name="antesDosTestes" finished-at="2025-05-19T21:35:03 BRT" duration-ms="965" status="PASS">
          <reporter-output>
          </reporter-output>
        </test-method> <!-- antesDosTestes -->
        <test-method signature="naoDeveLogarEmailIncorreto()[pri:3, instance:testes.LoginTest@75d4a5c2]" started-at="2025-05-19T21:35:03 BRT" name="naoDeveLogarEmailIncorreto" finished-at="2025-05-19T21:35:03 BRT" duration-ms="392" status="PASS">
          <reporter-output>
          </reporter-output>
        </test-method> <!-- naoDeveLogarEmailIncorreto -->
        <test-method is-config="true" signature="depoisDosTestes()[pri:0, instance:testes.LoginTest@75d4a5c2]" started-at="2025-05-19T21:35:03 BRT" name="depoisDosTestes" finished-at="2025-05-19T21:35:03 BRT" duration-ms="144" status="PASS">
          <reporter-output>
          </reporter-output>
        </test-method> <!-- depoisDosTestes -->
        <test-method is-config="true" signature="antesDosTestes()[pri:0, instance:testes.LoginTest@75d4a5c2]" started-at="2025-05-19T21:35:03 BRT" name="antesDosTestes" finished-at="2025-05-19T21:35:04 BRT" duration-ms="946" status="PASS">
          <reporter-output>
          </reporter-output>
        </test-method> <!-- antesDosTestes -->
        <test-method signature="naoDeveLogarSenhaIncorreta()[pri:4, instance:testes.LoginTest@75d4a5c2]" started-at="2025-05-19T21:35:04 BRT" name="naoDeveLogarSenhaIncorreta" finished-at="2025-05-19T21:35:05 BRT" duration-ms="882" status="PASS">
          <reporter-output>
          </reporter-output>
        </test-method> <!-- naoDeveLogarSenhaIncorreta -->
        <test-method is-config="true" signature="depoisDosTestes()[pri:0, instance:testes.LoginTest@75d4a5c2]" started-at="2025-05-19T21:35:05 BRT" name="depoisDosTestes" finished-at="2025-05-19T21:35:05 BRT" duration-ms="131" status="PASS">
          <reporter-output>
          </reporter-output>
        </test-method> <!-- depoisDosTestes -->
        <test-method is-config="true" signature="antesDosTestes()[pri:0, instance:testes.LoginTest@75d4a5c2]" started-at="2025-05-19T21:35:05 BRT" name="antesDosTestes" finished-at="2025-05-19T21:35:06 BRT" duration-ms="912" status="PASS">
          <reporter-output>
          </reporter-output>
        </test-method> <!-- antesDosTestes -->
        <test-method signature="naoDeveLogarCamposEmBranco()[pri:5, instance:testes.LoginTest@75d4a5c2]" started-at="2025-05-19T21:35:06 BRT" name="naoDeveLogarCamposEmBranco" finished-at="2025-05-19T21:35:06 BRT" duration-ms="311" status="PASS">
          <reporter-output>
          </reporter-output>
        </test-method> <!-- naoDeveLogarCamposEmBranco -->
        <test-method is-config="true" signature="depoisDosTestes()[pri:0, instance:testes.LoginTest@75d4a5c2]" started-at="2025-05-19T21:35:06 BRT" name="depoisDosTestes" finished-at="2025-05-19T21:35:07 BRT" duration-ms="140" status="PASS">
          <reporter-output>
          </reporter-output>
        </test-method> <!-- depoisDosTestes -->
      </class> <!-- testes.LoginTest -->
    </test> <!-- Default test -->
  </suite> <!-- Default suite -->
</testng-results>
