<?xml version="1.0" encoding="UTF-8"?>
<testng-results ignored="0" total="3" passed="3" failed="0" skipped="0">
  <reporter-output>
  </reporter-output>
  <suite started-at="2025-05-20T22:47:46 BRT" name="Surefire suite" finished-at="2025-05-20T22:47:52 BRT" duration-ms="5571">
    <groups>
    </groups>
    <test started-at="2025-05-20T22:47:46 BRT" name="Surefire test" finished-at="2025-05-20T22:47:52 BRT" duration-ms="5571">
      <class name="testes.LoginTest">
        <test-method is-config="true" signature="antesDosTestes()[pri:0, instance:testes.LoginTest@5cee5251]" started-at="2025-05-20T22:47:46 BRT" name="antesDosTestes" finished-at="2025-05-20T22:47:47 BRT" duration-ms="1319" status="PASS">
          <reporter-output>
          </reporter-output>
        </test-method> <!-- antesDosTestes -->
        <test-method signature="naoDeveLogarEmailIncorreto()[pri:3, instance:testes.LoginTest@5cee5251]" started-at="2025-05-20T22:47:47 BRT" name="naoDeveLogarEmailIncorreto" finished-at="2025-05-20T22:47:48 BRT" duration-ms="460" status="PASS">
          <reporter-output>
          </reporter-output>
        </test-method> <!-- naoDeveLogarEmailIncorreto -->
        <test-method is-config="true" signature="depoisDosTestes()[pri:0, instance:testes.LoginTest@5cee5251]" started-at="2025-05-20T22:47:48 BRT" name="depoisDosTestes" finished-at="2025-05-20T22:47:48 BRT" duration-ms="170" status="PASS">
          <reporter-output>
          </reporter-output>
        </test-method> <!-- depoisDosTestes -->
        <test-method is-config="true" signature="antesDosTestes()[pri:0, instance:testes.LoginTest@5cee5251]" started-at="2025-05-20T22:47:48 BRT" name="antesDosTestes" finished-at="2025-05-20T22:47:49 BRT" duration-ms="957" status="PASS">
          <reporter-output>
          </reporter-output>
        </test-method> <!-- antesDosTestes -->
        <test-method signature="naoDeveLogarSenhaIncorreta()[pri:4, instance:testes.LoginTest@5cee5251]" started-at="2025-05-20T22:47:49 BRT" name="naoDeveLogarSenhaIncorreta" finished-at="2025-05-20T22:47:50 BRT" duration-ms="960" status="PASS">
          <reporter-output>
          </reporter-output>
        </test-method> <!-- naoDeveLogarSenhaIncorreta -->
        <test-method is-config="true" signature="depoisDosTestes()[pri:0, instance:testes.LoginTest@5cee5251]" started-at="2025-05-20T22:47:50 BRT" name="depoisDosTestes" finished-at="2025-05-20T22:47:50 BRT" duration-ms="152" status="PASS">
          <reporter-output>
          </reporter-output>
        </test-method> <!-- depoisDosTestes -->
        <test-method is-config="true" signature="antesDosTestes()[pri:0, instance:testes.LoginTest@5cee5251]" started-at="2025-05-20T22:47:50 BRT" name="antesDosTestes" finished-at="2025-05-20T22:47:51 BRT" duration-ms="974" status="PASS">
          <reporter-output>
          </reporter-output>
        </test-method> <!-- antesDosTestes -->
        <test-method signature="naoDeveLogarCamposEmBranco()[pri:5, instance:testes.LoginTest@5cee5251]" started-at="2025-05-20T22:47:51 BRT" name="naoDeveLogarCamposEmBranco" finished-at="2025-05-20T22:47:51 BRT" duration-ms="373" status="PASS">
          <reporter-output>
          </reporter-output>
        </test-method> <!-- naoDeveLogarCamposEmBranco -->
        <test-method is-config="true" signature="depoisDosTestes()[pri:0, instance:testes.LoginTest@5cee5251]" started-at="2025-05-20T22:47:51 BRT" name="depoisDosTestes" finished-at="2025-05-20T22:47:52 BRT" duration-ms="165" status="PASS">
          <reporter-output>
          </reporter-output>
        </test-method> <!-- depoisDosTestes -->
      </class> <!-- testes.LoginTest -->
    </test> <!-- Surefire test -->
  </suite> <!-- Surefire suite -->
</testng-results>
