<?xml version="1.0" encoding="UTF-8"?>
<!-- Generated by org.testng.reporters.JUnitXMLReporter -->
<testsuite ignored="0" hostname="DESKTOP-V3J6DCO" failures="0" tests="3" name="Surefire test" time="5.571" errors="0" timestamp="2025-05-20T22:47:52 BRT">
  <testcase classname="testes.LoginTest" name="naoDeveLogarEmailIncorreto" time="0.46"/>
  <testcase classname="testes.LoginTest" name="naoDeveLogarSenhaIncorreta" time="0.96"/>
  <testcase classname="testes.LoginTest" name="naoDeveLogarCamposEmBranco" time="0.373"/>
</testsuite> <!-- Surefire test -->
