<?xml version="1.0" encoding="UTF-8"?>
<!-- Generated by org.testng.reporters.JUnitXMLReporter -->
<testsuite ignored="0" hostname="DESKTOP-V3J6DCO" failures="0" tests="5" name="Default test" time="9.881" errors="0" timestamp="2025-05-19T21:35:07 BRT">
  <testcase classname="testes.LoginTest" name="logoutSucesso" time="1.469"/>
  <testcase classname="testes.LoginTest" name="loginSucesso" time="0.898"/>
  <testcase classname="testes.LoginTest" name="naoDeveLogarEmailIncorreto" time="0.392"/>
  <testcase classname="testes.LoginTest" name="naoDeveLogarSenhaIncorreta" time="0.882"/>
  <testcase classname="testes.LoginTest" name="naoDeveLogarCamposEmBranco" time="0.311"/>
</testsuite> <!-- Default test -->
